{
  "RSpec": {
    "coverage": {
      "/home/lbs/src/q_and_a/app/models/user.rb": [
        1,
        null,
        null,
        null,
        1,
        null,
        null,
        null,
        1,
        null,
        null
      ],
      "/home/lbs/src/q_and_a/app/controllers/application_controller.rb": [
        1,
        1,
        null
      ],
      "/home/lbs/src/q_and_a/app/helpers/application_helper.rb": [
        1,
        null
      ],
      "/home/lbs/src/q_and_a/app/helpers/qandas_helper.rb": [
        1,
        null
      ],
      "/home/lbs/src/q_and_a/app/controllers/qandas_controller.rb": [
        1,
        1,
        null,
        null,
        null,
        1,
        9,
        null,
        9,
        9,
        9,
        null,
        null,
        null,
        null,
        null,
        1,
        5,
        5,
        5,
        null,
        null,
        null,
        null,
        null,
        1,
        2,
        null,
        2,
        2,
        2,
        null,
        null,
        null,
        null,
        1,
        null,
        null,
        null,
        null,
        1,
        2,
        null,
        2,
        2,
        2,
        1,
        null,
        1,
        2,
        1,
        null,
        null,
        null,
        null,
        null,
        null,
        1,
        1,
        1,
        1,
        2,
        1,
        null,
        0,
        0,
        null,
        null,
        null,
        null,
        null,
        null,
        1,
        1,
        null,
        1,
        1,
        2,
        1,
        null,
        null,
        null,
        1,
        1,
        9,
        null,
        1,
        null,
        1,
        null,
        null,
        null
      ],
      "/home/lbs/src/q_and_a/app/models/qanda.rb": [
        1,
        1,
        null,
        1,
        null
      ]
    },
    "timestamp": 1368941922
  }
}
